<?xml version="1.0" encoding="UTF-8"?>
<!-- Generated by org.testng.reporters.JUnitReportReporter -->
<testsuite skipped="0" hostname="SBOSEWIN7B" name="testclasses.RegTest2" tests="1" failures="0" timestamp="11 Jun 2018 11:48:31 GMT" time="0.002" errors="0">
  <testcase name="f" time="0.002" classname="testclasses.RegTest2"/>
</testsuite> <!-- testclasses.RegTest2 -->
