<?xml version="1.0" encoding="UTF-8"?>
<!-- Generated by org.testng.reporters.JUnitReportReporter -->
<testsuite skipped="0" hostname="SBOSEWIN7B" name="TestNgAnnotation.TestNG_TestClass1" tests="2" failures="0" timestamp="11 Jun 2018 11:46:45 GMT" time="0.009" errors="0">
  <testcase name="testMethod1" time="0.005" classname="TestNgAnnotation.TestNG_TestClass1"/>
  <testcase name="testMethod2" time="0.004" classname="TestNgAnnotation.TestNG_TestClass1"/>
</testsuite> <!-- TestNgAnnotation.TestNG_TestClass1 -->
