<?xml version="1.0" encoding="UTF-8"?>
<!-- Generated by org.testng.reporters.JUnitReportReporter -->
<testsuite skipped="0" hostname="SBOSEWIN7B" name="testclasses.RegressionTest" tests="1" failures="0" timestamp="11 Jun 2018 11:48:31 GMT" time="0.006" errors="0">
  <testcase name="f" time="0.006" classname="testclasses.RegressionTest"/>
</testsuite> <!-- testclasses.RegressionTest -->
