<?xml version="1.0" encoding="UTF-8"?>
<!-- Generated by org.testng.reporters.JUnitReportReporter -->
<testsuite skipped="0" hostname="SBOSEWIN7B" name="com.brainware.processing.FirstPage" tests="1" failures="0" timestamp="03 Jul 2018 14:50:25 GMT" time="11.576" errors="0">
  <testcase name="testSCM" time="11.576" classname="com.brainware.processing.FirstPage"/>
</testsuite> <!-- com.brainware.processing.FirstPage -->
