<?xml version="1.0" encoding="UTF-8"?>
<!-- Generated by org.testng.reporters.JUnitReportReporter -->
<testsuite skipped="0" hostname="SBOSEWIN7B" name="com.brainware.invoices.FirstPage" tests="1" failures="0" timestamp="22 Jun 2018 11:30:22 GMT" time="28.172" errors="0">
  <testcase name="testSCM" time="28.172" classname="com.brainware.invoices.FirstPage"/>
</testsuite> <!-- com.brainware.invoices.FirstPage -->
