<?xml version="1.0" encoding="UTF-8"?>
<!-- Generated by org.testng.reporters.JUnitReportReporter -->
<testsuite skipped="0" hostname="SBOSEWIN7B" name="com.src.selenium.SelTest" tests="1" failures="0" timestamp="10 Sep 2018 12:15:48 GMT" time="0.008" errors="0">
  <testcase name="f" time="0.008" classname="com.src.selenium.SelTest"/>
</testsuite> <!-- com.src.selenium.SelTest -->
